<?xml version="1.0" encoding="utf-8" standalone="no"?>
<!--This file represents the results of running a test suite-->
<test-results name="C:\Users\User\Desktop\scrum\SCRUM\bin\caltools.dll" total="15" errors="0" failures="0" not-run="0" inconclusive="0" ignored="0" skipped="0" invalid="0" date="2016-11-24" time="17:06:25">
  <environment nunit-version="2.6.3.13283" clr-version="2.0.50727.8745" os-version="Microsoft Windows NT 6.2.9200.0" platform="Win32NT" cwd="C:\Program Files (x86)\NUnit 2.6.3\bin" machine-name="LAPTOP01" user="User" user-domain="LAPTOP01" />
  <culture-info current-culture="en-GB" current-uiculture="en-GB" />
  <test-suite type="Assembly" name="C:\Users\User\Desktop\scrum\SCRUM\bin\caltools.dll" executed="True" result="Success" success="True" time="0.144" asserts="0">
    <results>
      <test-suite type="Namespace" name="caltools" executed="True" result="Success" success="True" time="0.133" asserts="0">
        <results>
          <test-suite type="TestFixture" name="testing" executed="True" result="Success" success="True" time="0.129" asserts="0">
            <results>
              <test-case name="caltools.testing.findmax" executed="True" result="Success" success="True" time="0.036" asserts="0" />
              <test-case name="caltools.testing.findmaxOne" executed="True" result="Success" success="True" time="0.001" asserts="0" />
              <test-case name="caltools.testing.findmaxTwo" executed="True" result="Success" success="True" time="0.001" asserts="0" />
              <test-case name="caltools.testing.findmean" executed="True" result="Success" success="True" time="0.001" asserts="0" />
              <test-case name="caltools.testing.findmeanOne" executed="True" result="Success" success="True" time="0.001" asserts="0" />
              <test-case name="caltools.testing.findmeanTwo" executed="True" result="Success" success="True" time="0.001" asserts="0" />
              <test-case name="caltools.testing.findmed" executed="True" result="Success" success="True" time="0.001" asserts="0" />
              <test-case name="caltools.testing.findmedOne" executed="True" result="Success" success="True" time="0.000" asserts="0" />
              <test-case name="caltools.testing.findmedTwo" executed="True" result="Success" success="True" time="0.000" asserts="0" />
              <test-case name="caltools.testing.findmin" executed="True" result="Success" success="True" time="0.001" asserts="0" />
              <test-case name="caltools.testing.findminOne" executed="True" result="Success" success="True" time="0.001" asserts="0" />
              <test-case name="caltools.testing.findminTwo" executed="True" result="Success" success="True" time="0.001" asserts="0" />
              <test-case name="caltools.testing.findmode" executed="True" result="Success" success="True" time="0.024" asserts="0" />
              <test-case name="caltools.testing.findmodeOne" executed="True" result="Success" success="True" time="0.001" asserts="0" />
              <test-case name="caltools.testing.findmodeTwo" executed="True" result="Success" success="True" time="0.001" asserts="0" />
            </results>
          </test-suite>
        </results>
      </test-suite>
    </results>
  </test-suite>
</test-results>